INFO:     Started server process [168089]
INFO:     Waiting for application startup.
INFO:     Application startup complete.
INFO:     Uvicorn running on http://0.0.0.0:8007 (Press CTRL+C to quit)
INFO:     127.0.0.1:57378 - "GET / HTTP/1.1" 404 Not Found
INFO:     2405:201:c01b:1258:b62e:99ff:fee0:3c99:0 - "GET /api/sessions HTTP/1.1" 200 OK
INFO:     2405:201:c01b:1258:b62e:99ff:fee0:3c99:0 - "GET /api/study-spaces/5 HTTP/1.1" 200 OK
INFO:     2405:201:c01b:1258:b62e:99ff:fee0:3c99:0 - "GET /api/sessions HTTP/1.1" 200 OK
INFO:     2405:201:c01b:1258:b62e:99ff:fee0:3c99:0 - "GET /api/study-spaces HTTP/1.1" 200 OK
INFO:     2405:201:c01b:1258:b62e:99ff:fee0:3c99:0 - "GET /api/sessions/17 HTTP/1.1" 200 OK
INFO:     2405:201:c01b:1258:b62e:99ff:fee0:3c99:0 - "GET /api/notes/session/17 HTTP/1.1" 200 OK
INFO:     2405:201:c01b:1258:b62e:99ff:fee0:3c99:0 - "GET /api/notes/session/17 HTTP/1.1" 200 OK
INFO:     2405:201:c01b:1258:b62e:99ff:fee0:3c99:0 - "GET /api/notes/session/17 HTTP/1.1" 200 OK
INFO:     2405:201:c01b:1258:b62e:99ff:fee0:3c99:0 - "GET /api/notes/session/17 HTTP/1.1" 200 OK
INFO:     2405:201:c01b:1258:b62e:99ff:fee0:3c99:0 - "GET /api/sessions HTTP/1.1" 200 OK
INFO:     2405:201:c01b:1258:b62e:99ff:fee0:3c99:0 - "GET /api/study-spaces HTTP/1.1" 200 OK
INFO:     2405:201:c01b:1258:b62e:99ff:fee0:3c99:0 - "GET /api/study-spaces/5 HTTP/1.1" 200 OK
INFO:     2405:201:c01b:1258:b62e:99ff:fee0:3c99:0 - "GET /api/sessions HTTP/1.1" 200 OK
INFO:     2405:201:c01b:1258:b62e:99ff:fee0:3c99:0 - "GET /api/sessions HTTP/1.1" 200 OK
INFO:     2405:201:c01b:1258:b62e:99ff:fee0:3c99:0 - "GET /api/study-spaces HTTP/1.1" 200 OK
INFO:     2405:201:c01b:1258:b62e:99ff:fee0:3c99:0 - "GET /api/sessions HTTP/1.1" 200 OK
INFO:     2405:201:c01b:1258:b62e:99ff:fee0:3c99:0 - "GET /api/study-spaces/4 HTTP/1.1" 200 OK
INFO:     2405:201:c01b:1258:b62e:99ff:fee0:3c99:0 - "GET /api/sessions HTTP/1.1" 200 OK
INFO:     2405:201:c01b:1258:b62e:99ff:fee0:3c99:0 - "GET /api/study-spaces HTTP/1.1" 200 OK
INFO:     2405:201:c01b:1258:b62e:99ff:fee0:3c99:0 - "GET /api/sessions/17 HTTP/1.1" 200 OK
INFO:     2405:201:c01b:1258:b62e:99ff:fee0:3c99:0 - "GET /api/notes/session/17 HTTP/1.1" 200 OK
INFO:     2405:201:c01b:1258:b62e:99ff:fee0:3c99:0 - "GET /api/notes/session/17 HTTP/1.1" 200 OK
INFO:     2405:201:c01b:1258:b62e:99ff:fee0:3c99:0 - "GET /api/sessions HTTP/1.1" 200 OK
INFO:     2405:201:c01b:1258:b62e:99ff:fee0:3c99:0 - "GET /api/study-spaces HTTP/1.1" 200 OK
