2026-06-29T08:50:26Z INF Starting tunnel tunnelID=a337b8c9-dd69-4752-94ef-032f9570c628
2026-06-29T08:50:26Z INF Version 2026.6.0 (Checksum a1aeac70bf42d3beb651fe0e510ff55c333a732e1d0cd31d211c6e1b38ce855a)
2026-06-29T08:50:26Z INF GOOS: linux, GOVersion: go1.26.4-X:nodwarf5, GoArch: amd64
2026-06-29T08:50:26Z INF Settings: map[config:/home/axeus/.cloudflared/config-mmu.yml cred-file:/home/axeus/.cloudflared/a337b8c9-dd69-4752-94ef-032f9570c628.json credentials-file:/home/axeus/.cloudflared/a337b8c9-dd69-4752-94ef-032f9570c628.json]
2026-06-29T08:50:26Z INF cloudflared will not automatically update if installed by a package manager.
2026-06-29T08:50:26Z INF Generated Connector ID: d62fba59-b3ed-4cb1-9665-3e7d76a0c49e
2026-06-29T08:50:26Z INF Initial protocol quic
2026-06-29T08:50:26Z INF ICMP proxy will use 192.168.29.237 as source for IPv4
2026-06-29T08:50:26Z INF ICMP proxy will use 2405:201:c01b:1258:b62e:99ff:fee0:3c99 in zone enp5s0 as source for IPv6
2026-06-29T08:50:26Z INF ICMP proxy will use 192.168.29.237 as source for IPv4
2026-06-29T08:50:26Z INF ICMP proxy will use 2405:201:c01b:1258:b62e:99ff:fee0:3c99 in zone enp5s0 as source for IPv6
2026-06-29T08:50:26Z INF Starting metrics server on 127.0.0.1:20241/metrics
2026-06-29T08:50:26Z INF Tunnel connection curve preferences: [X25519MLKEM768 CurveID(65074) CurveP256] connIndex=0 event=0 ip=2606:4700:a0::6
2026-06-29T08:50:26Z INF +-------------------------------------------------------------------------------------+
2026-06-29T08:50:26Z INF |                               CONNECTIVITY PRE-CHECKS                               |
2026-06-29T08:50:26Z INF +-------------------------------------------------------------------------------------+
2026-06-29T08:50:26Z INF |  COMPONENT         TARGET                     STATUS  DETAILS                       |
2026-06-29T08:50:26Z INF |  DNS Resolution    region1.v2.argotunnel.com  PASS    DNS Resolved successfully     |
2026-06-29T08:50:26Z INF |  DNS Resolution    region2.v2.argotunnel.com  PASS    DNS Resolved successfully     |
2026-06-29T08:50:26Z INF |  UDP Connectivity  region1.v2.argotunnel.com  PASS    QUIC connection successful    |
2026-06-29T08:50:26Z INF |  UDP Connectivity  region2.v2.argotunnel.com  PASS    QUIC connection successful    |
2026-06-29T08:50:26Z INF |  TCP Connectivity  region1.v2.argotunnel.com  PASS    HTTP/2 connection successful  |
2026-06-29T08:50:26Z INF |  TCP Connectivity  region2.v2.argotunnel.com  PASS    HTTP/2 connection successful  |
2026-06-29T08:50:26Z INF |  Cloudflare API    api.cloudflare.com:443     PASS    API is reachable              |
2026-06-29T08:50:26Z INF |                                                                                     |
2026-06-29T08:50:26Z INF |  SUMMARY: Environment is healthy. cloudflared will use 'quic' as primary protocol.  |
2026-06-29T08:50:26Z INF +-------------------------------------------------------------------------------------+
2026-06-29T08:50:26Z INF precheck component="DNS Resolution" details="DNS Resolved successfully" run_id=55906bae-3422-4cfa-8bd6-0ac78fdff089 status=pass target=region1.v2.argotunnel.com
2026-06-29T08:50:26Z INF precheck component="DNS Resolution" details="DNS Resolved successfully" run_id=55906bae-3422-4cfa-8bd6-0ac78fdff089 status=pass target=region2.v2.argotunnel.com
2026-06-29T08:50:26Z INF precheck component="UDP Connectivity" details="QUIC connection successful" run_id=55906bae-3422-4cfa-8bd6-0ac78fdff089 status=pass target=region1.v2.argotunnel.com
2026-06-29T08:50:26Z INF precheck component="UDP Connectivity" details="QUIC connection successful" run_id=55906bae-3422-4cfa-8bd6-0ac78fdff089 status=pass target=region2.v2.argotunnel.com
2026-06-29T08:50:26Z INF precheck component="TCP Connectivity" details="HTTP/2 connection successful" run_id=55906bae-3422-4cfa-8bd6-0ac78fdff089 status=pass target=region1.v2.argotunnel.com
2026-06-29T08:50:26Z INF precheck component="TCP Connectivity" details="HTTP/2 connection successful" run_id=55906bae-3422-4cfa-8bd6-0ac78fdff089 status=pass target=region2.v2.argotunnel.com
2026-06-29T08:50:26Z INF precheck component="Cloudflare API" details="API is reachable" run_id=55906bae-3422-4cfa-8bd6-0ac78fdff089 status=pass target=api.cloudflare.com:443
2026-06-29T08:50:26Z INF precheck complete hard_fail=false run_id=55906bae-3422-4cfa-8bd6-0ac78fdff089 suggested_protocol=quic
2026-06-29T08:50:27Z INF Registered tunnel connection connIndex=0 connection=1383c78f-704f-400d-ae9e-c18a63d36de4 event=0 ip=2606:4700:a0::6 location=nag01 protocol=quic
2026-06-29T08:50:27Z INF Tunnel connection curve preferences: [X25519MLKEM768 CurveID(65074) CurveP256] connIndex=1 event=0 ip=2606:4700:a8::1
2026-06-29T08:50:28Z INF Registered tunnel connection connIndex=1 connection=500970bb-0245-4ae3-82c4-ce51156ae653 event=0 ip=2606:4700:a8::1 location=bom08 protocol=quic
2026-06-29T08:50:28Z INF Tunnel connection curve preferences: [X25519MLKEM768 CurveID(65074) CurveP256] connIndex=2 event=0 ip=2606:4700:a0::1
2026-06-29T08:50:29Z INF Registered tunnel connection connIndex=2 connection=acbbb731-27c7-41a6-807c-09e2d26da394 event=0 ip=2606:4700:a0::1 location=nag01 protocol=quic
2026-06-29T08:50:29Z INF Tunnel connection curve preferences: [X25519MLKEM768 CurveID(65074) CurveP256] connIndex=3 event=0 ip=2606:4700:a8::4
2026-06-29T08:50:30Z INF Registered tunnel connection connIndex=3 connection=bb513163-e43e-4c08-88f8-f8a7ac6f88d3 event=0 ip=2606:4700:a8::4 location=bom09 protocol=quic
